<?xml version="1.0" encoding="UTF-8"?>
<!-- Generated by org.testng.reporters.JUnitReportReporter -->
<testsuite hostname="mohal" failures="0" tests="1" name="com.inetbanking.testCases.TC_AddCustomer_003" time="23.202" errors="0" timestamp="2021-05-11T14:07:32 IST" skipped="0">
  <testcase classname="com.inetbanking.testCases.TC_AddCustomer_003" name="AddNewCustomer" time="23.202"/>
  <system-out/>
</testsuite> <!-- com.inetbanking.testCases.TC_AddCustomer_003 -->
