<?xml version="1.0" encoding="UTF-8"?>
<!-- Generated by org.testng.reporters.JUnitReportReporter -->
<testsuite hostname="mohal" failures="0" tests="1" name="com.inetbanking.testCases.TC_LoginPage_001" time="2.495" errors="0" timestamp="2021-05-11T18:37:37 IST" skipped="0">
  <testcase classname="com.inetbanking.testCases.TC_LoginPage_001" name="loginTest" time="2.495"/>
  <system-out/>
</testsuite> <!-- com.inetbanking.testCases.TC_LoginPage_001 -->
