<?xml version="1.0" encoding="UTF-8"?>
<!-- Generated by org.testng.reporters.JUnitReportReporter -->
<testsuite skipped="0" hostname="mohal" name="com.inetbanking.testCases.TC_LoginPage_001" tests="1" failures="0" timestamp="2021-05-11T18:40:57 IST" time="4.645" errors="0">
  <testcase name="loginTest" time="4.645" classname="com.inetbanking.testCases.TC_LoginPage_001"/>
  <system-out/>
</testsuite> <!-- com.inetbanking.testCases.TC_LoginPage_001 -->
